<?xml version="1.0" encoding="UTF-8"?>
<!-- Generated by org.testng.reporters.JUnitReportReporter -->
<testsuite hostname="DESKTOP-193VCU3" failures="0" tests="1" name="subDomainVerificationInUrl.listingPage" time="6.099" errors="0" timestamp="2023-12-13T19:03:19 IST" skipped="0">
  <testcase classname="subDomainVerificationInUrl.listingPage" name="HomePage" time="6.099"/>
</testsuite> <!-- subDomainVerificationInUrl.listingPage -->
