<?xml version="1.0" encoding="UTF-8"?>
<!-- Generated by org.testng.reporters.JUnitReportReporter -->
<testsuite hostname="DESKTOP-193VCU3" failures="0" tests="1" name="com.domains.automation.metaContentValidation" time="8.308" errors="0" timestamp="2024-01-17T22:43:50 IST" skipped="0">
  <testcase classname="com.domains.automation.metaContentValidation" name="CookiePage" time="8.308"/>
</testsuite> <!-- com.domains.automation.metaContentValidation -->
