<?xml version="1.0" encoding="UTF-8"?>
<!-- Generated by org.testng.reporters.JUnitReportReporter -->
<testsuite hostname="DESKTOP-193VCU3" failures="0" tests="1" name="com.domains.automation.Base" time="0.008" errors="0" timestamp="2023-12-28T22:34:56 IST" skipped="0">
  <testcase classname="com.domains.automation.Base" name="domainUrl" time="0.008"/>
</testsuite> <!-- com.domains.automation.Base -->
