<?xml version="1.0" encoding="UTF-8"?>
<!-- Generated by org.testng.reporters.JUnitReportReporter -->
<testsuite hostname="DESKTOP-193VCU3" failures="0" tests="3" name="subDomainVerificationInUrl.domainPages" time="24.634" errors="0" timestamp="2023-12-19T19:03:16 IST" skipped="0">
  <testcase classname="subDomainVerificationInUrl.domainPages" name="HomePage" time="6.111"/>
  <testcase classname="subDomainVerificationInUrl.domainPages" name="HomePage" time="5.545"/>
  <testcase classname="subDomainVerificationInUrl.domainPages" name="HomePage" time="12.978"/>
</testsuite> <!-- subDomainVerificationInUrl.domainPages -->
