<?xml version="1.0" encoding="UTF-8"?>
<!-- Generated by org.testng.reporters.JUnitReportReporter -->
<testsuite hostname="DESKTOP-193VCU3" failures="0" tests="1" name="com.domains.automation.SubDomainValidation" time="11.191" errors="0" timestamp="2024-01-17T22:00:54 IST" skipped="0">
  <testcase classname="com.domains.automation.SubDomainValidation" name="aboutPage" time="11.191"/>
</testsuite> <!-- com.domains.automation.SubDomainValidation -->
