<?xml version="1.0" encoding="UTF-8"?>
<!-- Generated by org.testng.reporters.JUnitReportReporter -->
<testsuite hostname="DESKTOP-193VCU3" failures="2" tests="11" name="scripts.CookiePage_T_C" time="90.842" errors="0" timestamp="2024-05-03T16:48:30 IST" skipped="0">
  <testcase classname="scripts.CookiePage_T_C" name="verifyProtocol" time="8.655"/>
  <testcase classname="scripts.CookiePage_T_C" name="verifySubdomain" time="8.870"/>
  <testcase classname="scripts.CookiePage_T_C" name="verifyStaticContent" time="7.374"/>
  <testcase classname="scripts.CookiePage_T_C" name="verifyMetaContent" time="10.906">
    <failure message="The following asserts failed:
	We use cookies to improve user experience and optimize our services. Explore our Cookie Policy to understand how we leverage cookies on our platform. Explore our cookie policy to understand how we use cookies for functionality and analytics. Learn how we protect your data and respect your privacy. expected [true] but found [false]" type="java.lang.AssertionError">
      <![CDATA[java.lang.AssertionError: The following asserts failed:
We use cookies to improve user experience and optimize our services. Explore our Cookie Policy to understand how we leverage cookies on our platform. Explore our cookie policy to understand how we use cookies for functionality and analytics. Learn how we protect your data and respect your privacy. expected [true] but found [false]
at org.testng.asserts.SoftAssert.assertAll(SoftAssert.java:46)
at org.testng.asserts.SoftAssert.assertAll(SoftAssert.java:30)
at scripts.CookiePage_T_C.verifyMetaContent(CookiePage_T_C.java:79)
at java.base/jdk.internal.reflect.DirectMethodHandleAccessor.invoke(DirectMethodHandleAccessor.java:104)
at java.base/java.lang.reflect.Method.invoke(Method.java:578)
at org.testng.internal.invokers.MethodInvocationHelper.invokeMethod(MethodInvocationHelper.java:139)
at org.testng.internal.invokers.TestInvoker.invokeMethod(TestInvoker.java:664)
at org.testng.internal.invokers.TestInvoker.invokeTestMethod(TestInvoker.java:227)
at org.testng.internal.invokers.MethodRunner.runInSequence(MethodRunner.java:50)
at org.testng.internal.invokers.TestInvoker$MethodInvocationAgent.invoke(TestInvoker.java:957)
at org.testng.internal.invokers.TestInvoker.invokeTestMethods(TestInvoker.java:200)
at org.testng.internal.invokers.TestMethodWorker.invokeTestMethods(TestMethodWorker.java:148)
at org.testng.internal.invokers.TestMethodWorker.run(TestMethodWorker.java:128)
at java.base/java.util.concurrent.ThreadPoolExecutor.runWorker(ThreadPoolExecutor.java:1144)
at java.base/java.util.concurrent.ThreadPoolExecutor$Worker.run(ThreadPoolExecutor.java:642)
at java.base/java.lang.Thread.run(Thread.java:1589)
]]>
    </failure>
  </testcase> <!-- verifyMetaContent -->
  <testcase classname="scripts.CookiePage_T_C" name="verifyDescRepetition" time="7.985"/>
  <testcase classname="scripts.CookiePage_T_C" name="verifyOgUrlRepetition" time="6.942"/>
  <testcase classname="scripts.CookiePage_T_C" name="verifyConsole" time="8.793"/>
  <testcase classname="scripts.CookiePage_T_C" name="verifyHttpInPageSource" time="5.338">
    <failure message="The following asserts failed:
	expected [false] but found [true]" type="java.lang.AssertionError">
      <![CDATA[java.lang.AssertionError: The following asserts failed:
expected [false] but found [true]
at org.testng.asserts.SoftAssert.assertAll(SoftAssert.java:46)
at org.testng.asserts.SoftAssert.assertAll(SoftAssert.java:30)
at scripts.CookiePage_T_C.verifyHttpInPageSource(CookiePage_T_C.java:87)
at java.base/jdk.internal.reflect.DirectMethodHandleAccessor.invoke(DirectMethodHandleAccessor.java:104)
at java.base/java.lang.reflect.Method.invoke(Method.java:578)
at org.testng.internal.invokers.MethodInvocationHelper.invokeMethod(MethodInvocationHelper.java:139)
at org.testng.internal.invokers.TestInvoker.invokeMethod(TestInvoker.java:664)
at org.testng.internal.invokers.TestInvoker.invokeTestMethod(TestInvoker.java:227)
at org.testng.internal.invokers.MethodRunner.runInSequence(MethodRunner.java:50)
at org.testng.internal.invokers.TestInvoker$MethodInvocationAgent.invoke(TestInvoker.java:957)
at org.testng.internal.invokers.TestInvoker.invokeTestMethods(TestInvoker.java:200)
at org.testng.internal.invokers.TestMethodWorker.invokeTestMethods(TestMethodWorker.java:148)
at org.testng.internal.invokers.TestMethodWorker.run(TestMethodWorker.java:128)
at java.base/java.util.concurrent.ThreadPoolExecutor.runWorker(ThreadPoolExecutor.java:1144)
at java.base/java.util.concurrent.ThreadPoolExecutor$Worker.run(ThreadPoolExecutor.java:642)
at java.base/java.lang.Thread.run(Thread.java:1589)
]]>
    </failure>
  </testcase> <!-- verifyHttpInPageSource -->
  <testcase classname="scripts.CookiePage_T_C" name="verifyPageHeading" time="7.991"/>
  <testcase classname="scripts.CookiePage_T_C" name="verifyNetworkStatus" time="5.162"/>
  <testcase classname="scripts.CookiePage_T_C" name="verifyTitleRepetition" time="12.826"/>
</testsuite> <!-- scripts.CookiePage_T_C -->
