<?xml version="1.0" encoding="UTF-8"?>
<!-- Generated by org.testng.reporters.JUnitReportReporter -->
<testsuite hostname="DESKTOP-193VCU3" failures="0" tests="1" name="subDomainVerificationInUrl.dataFecth" time="0.011" errors="0" timestamp="2023-12-19T13:04:49 IST" skipped="0">
  <testcase classname="subDomainVerificationInUrl.dataFecth" name="method" time="0.011"/>
</testsuite> <!-- subDomainVerificationInUrl.dataFecth -->
