<?xml version="1.0" encoding="UTF-8"?>
<!-- Generated by org.testng.reporters.JUnitReportReporter -->
<testsuite hostname="DESKTOP-193VCU3" failures="0" tests="1" name="scripts.JobsByCompany_T_C" time="8.308" errors="0" timestamp="2024-03-21T12:32:06 IST" skipped="0">
  <testcase classname="scripts.JobsByCompany_T_C" name="validateTruncateInCompany" time="8.308"/>
</testsuite> <!-- scripts.JobsByCompany_T_C -->
