<?xml version="1.0" encoding="UTF-8"?>
<!-- Generated by org.testng.reporters.JUnitReportReporter -->
<testsuite hostname="DESKTOP-193VCU3" failures="0" tests="4" name="logics.ExpireLogic" time="12.579" errors="0" timestamp="2024-03-27T14:59:33 IST" skipped="0">
  <testcase classname="logics.ExpireLogic" name="qualityhirings" time="3.805"/>
  <testcase classname="logics.ExpireLogic" name="qualityhirings" time="2.856"/>
  <testcase classname="logics.ExpireLogic" name="qualityhirings" time="2.755"/>
  <testcase classname="logics.ExpireLogic" name="qualityhirings" time="3.163"/>
</testsuite> <!-- logics.ExpireLogic -->
