<?xml version="1.0" encoding="UTF-8"?>
<!-- Generated by org.testng.reporters.JUnitReportReporter -->
<testsuite hostname="DESKTOP-193VCU3" failures="0" tests="37" name="scripts.HomePage_T_C" time="165.049" errors="1" timestamp="2024-05-03T18:41:03 IST" skipped="0">
  <testcase classname="scripts.HomePage_T_C" name="verifySubdomain" time="3.357"/>
  <testcase classname="scripts.HomePage_T_C" name="verifySubdomain" time="5.035"/>
  <testcase classname="scripts.HomePage_T_C" name="verifySubdomain" time="4.994"/>
  <testcase classname="scripts.HomePage_T_C" name="verifySubdomain" time="6.890"/>
  <testcase classname="scripts.HomePage_T_C" name="verifySubdomain" time="3.793"/>
  <testcase classname="scripts.HomePage_T_C" name="verifySubdomain" time="3.947"/>
  <testcase classname="scripts.HomePage_T_C" name="verifySubdomain" time="4.522"/>
  <testcase classname="scripts.HomePage_T_C" name="verifySubdomain" time="4.131"/>
  <testcase classname="scripts.HomePage_T_C" name="verifySubdomain" time="3.874"/>
  <testcase classname="scripts.HomePage_T_C" name="verifySubdomain" time="4.650"/>
  <testcase classname="scripts.HomePage_T_C" name="verifySubdomain" time="4.139"/>
  <testcase classname="scripts.HomePage_T_C" name="verifySubdomain" time="1.906">
    <error message="unknown error: net::ERR_NAME_NOT_RESOLVED
  (Session info: chrome=124.0.6367.118)
Build info: version: &#039;4.19.1&#039;, revision: &#039;abe0ee07dc&#039;
System info: os.name: &#039;Windows 10&#039;, os.arch: &#039;amd64&#039;, os.version: &#039;10.0&#039;, java.version: &#039;19.0.2&#039;
Driver info: org.openqa.selenium.chrome.ChromeDriver
Command: [96f833d057090c2782518ef9680b7939, get {url=https://gfj.directclients}]
Capabilities {acceptInsecureCerts: false, browserName: chrome, browserVersion: 124.0.6367.118, chrome: {chromedriverVersion: 124.0.6367.91 (51df0e5e17a8..., userDataDir: C:\Users\JOBIAK\AppData\Loc...}, fedcm:accounts: true, goog:chromeOptions: {debuggerAddress: localhost:52162}, networkConnectionEnabled: false, pageLoadStrategy: normal, platformName: windows, proxy: Proxy(), se:cdp: ws://localhost:52162/devtoo..., se:cdpVersion: 124.0.6367.118, setWindowRect: true, strictFileInteractability: false, timeouts: {implicit: 0, pageLoad: 300000, script: 30000}, unhandledPromptBehavior: dismiss and notify, webauthn:extension:credBlob: true, webauthn:extension:largeBlob: true, webauthn:extension:minPinLength: true, webauthn:extension:prf: true, webauthn:virtualAuthenticators: true}
Session ID: 96f833d057090c2782518ef9680b7939" type="org.openqa.selenium.WebDriverException">
      <![CDATA[org.openqa.selenium.WebDriverException: unknown error: net::ERR_NAME_NOT_RESOLVED
  (Session info: chrome=124.0.6367.118)
Build info: version: '4.19.1', revision: 'abe0ee07dc'
System info: os.name: 'Windows 10', os.arch: 'amd64', os.version: '10.0', java.version: '19.0.2'
Driver info: org.openqa.selenium.chrome.ChromeDriver
Command: [96f833d057090c2782518ef9680b7939, get {url=https://gfj.directclients}]
Capabilities {acceptInsecureCerts: false, browserName: chrome, browserVersion: 124.0.6367.118, chrome: {chromedriverVersion: 124.0.6367.91 (51df0e5e17a8..., userDataDir: C:\Users\JOBIAK\AppData\Loc...}, fedcm:accounts: true, goog:chromeOptions: {debuggerAddress: localhost:52162}, networkConnectionEnabled: false, pageLoadStrategy: normal, platformName: windows, proxy: Proxy(), se:cdp: ws://localhost:52162/devtoo..., se:cdpVersion: 124.0.6367.118, setWindowRect: true, strictFileInteractability: false, timeouts: {implicit: 0, pageLoad: 300000, script: 30000}, unhandledPromptBehavior: dismiss and notify, webauthn:extension:credBlob: true, webauthn:extension:largeBlob: true, webauthn:extension:minPinLength: true, webauthn:extension:prf: true, webauthn:virtualAuthenticators: true}
Session ID: 96f833d057090c2782518ef9680b7939
at java.base/jdk.internal.reflect.DirectConstructorHandleAccessor.newInstance(DirectConstructorHandleAccessor.java:67)
at java.base/java.lang.reflect.Constructor.newInstanceWithCaller(Constructor.java:500)
at java.base/java.lang.reflect.Constructor.newInstance(Constructor.java:484)
at org.openqa.selenium.remote.ErrorCodec.decode(ErrorCodec.java:167)
at org.openqa.selenium.remote.codec.w3c.W3CHttpResponseCodec.decode(W3CHttpResponseCodec.java:138)
at org.openqa.selenium.remote.codec.w3c.W3CHttpResponseCodec.decode(W3CHttpResponseCodec.java:50)
at org.openqa.selenium.remote.HttpCommandExecutor.execute(HttpCommandExecutor.java:190)
at org.openqa.selenium.remote.service.DriverCommandExecutor.invokeExecute(DriverCommandExecutor.java:216)
at org.openqa.selenium.remote.service.DriverCommandExecutor.execute(DriverCommandExecutor.java:174)
at org.openqa.selenium.remote.RemoteWebDriver.execute(RemoteWebDriver.java:518)
at org.openqa.selenium.remote.RemoteWebDriver.get(RemoteWebDriver.java:300)
at scripts.HomePage_T_C.verifySubdomain(HomePage_T_C.java:62)
at java.base/jdk.internal.reflect.DirectMethodHandleAccessor.invoke(DirectMethodHandleAccessor.java:104)
at java.base/java.lang.reflect.Method.invoke(Method.java:578)
at org.testng.internal.invokers.MethodInvocationHelper.invokeMethod(MethodInvocationHelper.java:139)
at org.testng.internal.invokers.TestInvoker.invokeMethod(TestInvoker.java:664)
at org.testng.internal.invokers.TestInvoker.invokeTestMethod(TestInvoker.java:227)
at org.testng.internal.invokers.MethodRunner.runInSequence(MethodRunner.java:50)
at org.testng.internal.invokers.TestInvoker$MethodInvocationAgent.invoke(TestInvoker.java:957)
at org.testng.internal.invokers.TestInvoker.invokeTestMethods(TestInvoker.java:200)
at org.testng.internal.invokers.TestMethodWorker.invokeTestMethods(TestMethodWorker.java:148)
at org.testng.internal.invokers.TestMethodWorker.run(TestMethodWorker.java:128)
at java.base/java.util.ArrayList.forEach(ArrayList.java:1511)
at org.testng.TestRunner.privateRun(TestRunner.java:848)
at org.testng.TestRunner.run(TestRunner.java:621)
at org.testng.SuiteRunner.runTest(SuiteRunner.java:443)
at org.testng.SuiteRunner.runSequentially(SuiteRunner.java:437)
at org.testng.SuiteRunner.privateRun(SuiteRunner.java:397)
at org.testng.SuiteRunner.run(SuiteRunner.java:336)
at org.testng.SuiteRunnerWorker.runSuite(SuiteRunnerWorker.java:52)
at org.testng.SuiteRunnerWorker.run(SuiteRunnerWorker.java:95)
at org.testng.TestNG.runSuitesSequentially(TestNG.java:1280)
at org.testng.TestNG.runSuitesLocally(TestNG.java:1200)
at org.testng.TestNG.runSuites(TestNG.java:1114)
at org.testng.TestNG.run(TestNG.java:1082)
at org.testng.remote.AbstractRemoteTestNG.run(AbstractRemoteTestNG.java:115)
at org.testng.remote.RemoteTestNG.initAndRun(RemoteTestNG.java:251)
at org.testng.remote.RemoteTestNG.main(RemoteTestNG.java:77)
]]>
    </error>
  </testcase> <!-- verifySubdomain -->
  <testcase classname="scripts.HomePage_T_C" name="verifySubdomain" time="5.246"/>
  <testcase classname="scripts.HomePage_T_C" name="verifySubdomain" time="4.173"/>
  <testcase classname="scripts.HomePage_T_C" name="verifySubdomain" time="4.112"/>
  <testcase classname="scripts.HomePage_T_C" name="verifySubdomain" time="5.572"/>
  <testcase classname="scripts.HomePage_T_C" name="verifySubdomain" time="5.425"/>
  <testcase classname="scripts.HomePage_T_C" name="verifySubdomain" time="5.591"/>
  <testcase classname="scripts.HomePage_T_C" name="verifySubdomain" time="5.303"/>
  <testcase classname="scripts.HomePage_T_C" name="verifySubdomain" time="5.637"/>
  <testcase classname="scripts.HomePage_T_C" name="verifySubdomain" time="4.157"/>
  <testcase classname="scripts.HomePage_T_C" name="verifySubdomain" time="3.923"/>
  <testcase classname="scripts.HomePage_T_C" name="verifySubdomain" time="3.752"/>
  <testcase classname="scripts.HomePage_T_C" name="verifySubdomain" time="6.839"/>
  <testcase classname="scripts.HomePage_T_C" name="verifySubdomain" time="4.097"/>
  <testcase classname="scripts.HomePage_T_C" name="verifySubdomain" time="3.794"/>
  <testcase classname="scripts.HomePage_T_C" name="verifySubdomain" time="4.479"/>
  <testcase classname="scripts.HomePage_T_C" name="verifySubdomain" time="5.027"/>
  <testcase classname="scripts.HomePage_T_C" name="verifySubdomain" time="3.993"/>
  <testcase classname="scripts.HomePage_T_C" name="verifySubdomain" time="3.812"/>
  <testcase classname="scripts.HomePage_T_C" name="verifySubdomain" time="3.864"/>
  <testcase classname="scripts.HomePage_T_C" name="verifySubdomain" time="4.454"/>
  <testcase classname="scripts.HomePage_T_C" name="verifySubdomain" time="3.563"/>
  <testcase classname="scripts.HomePage_T_C" name="verifySubdomain" time="4.273"/>
  <testcase classname="scripts.HomePage_T_C" name="verifySubdomain" time="3.963"/>
  <testcase classname="scripts.HomePage_T_C" name="verifySubdomain" time="3.379"/>
  <testcase classname="scripts.HomePage_T_C" name="verifySubdomain" time="5.383"/>
</testsuite> <!-- scripts.HomePage_T_C -->
